f:\cocos\chinesechess\proj.win32\debug.win32\chinesechess.lib
f:\cocos\chinesechess\proj.win32\debug.win32\chinesechess.exp
f:\cocos\chinesechess\proj.win32\chinesechess.cab
f:\cocos\chinesechess\proj.win32\debug.win32\vc120.pdb
f:\cocos\chinesechess\proj.win32\debug.win32\appdelegate.obj
f:\cocos\chinesechess\proj.win32\debug.win32\maininterface.obj
f:\cocos\chinesechess\proj.win32\debug.win32\login.obj
f:\cocos\chinesechess\proj.win32\debug.win32\singlemachine.obj
f:\cocos\chinesechess\proj.win32\debug.win32\chessboard.obj
f:\cocos\chinesechess\proj.win32\debug.win32\main.obj
f:\cocos\chinesechess\proj.win32\debug.win32\clientclass.obj
f:\cocos\chinesechess\proj.win32\debug.win32\selectstone.obj
f:\cocos\chinesechess\proj.win32\debug.win32\vc120.idb
f:\cocos\chinesechess\proj.win32\debug.win32\chinesechess.ilk
f:\cocos\chinesechess\proj.win32\debug.win32\chinesechess.exe
f:\cocos\chinesechess\proj.win32\debug.win32\chinesechess.pdb
f:\cocos\chinesechess\proj.win32\debug.win32\game.res
f:\cocos\chinesechess\proj.win32\debug.win32\helpsence.obj
f:\cocos\chinesechess\proj.win32\debug.win32\huffcode.obj
f:\cocos\chinesechess\proj.win32\debug.win32\loginhistory.obj
f:\cocos\chinesechess\proj.win32\debug.win32\socketinit.obj
f:\cocos\chinesechess\proj.win32\debug.win32\stone.obj
f:\cocos\chinesechess\proj.win32\debug.win32\chinesechess.tlog\chinesechess.write.1u.tlog
f:\cocos\chinesechess\proj.win32\debug.win32\chinesechess.tlog\cl.command.1.tlog
f:\cocos\chinesechess\proj.win32\debug.win32\chinesechess.tlog\cl.read.1.tlog
f:\cocos\chinesechess\proj.win32\debug.win32\chinesechess.tlog\cl.write.1.tlog
f:\cocos\chinesechess\proj.win32\debug.win32\chinesechess.tlog\link.command.1.tlog
f:\cocos\chinesechess\proj.win32\debug.win32\chinesechess.tlog\link.read.1.tlog
f:\cocos\chinesechess\proj.win32\debug.win32\chinesechess.tlog\link.write.1.tlog
f:\cocos\chinesechess\proj.win32\debug.win32\chinesechess.tlog\rc.command.1.tlog
f:\cocos\chinesechess\proj.win32\debug.win32\chinesechess.tlog\rc.read.1.tlog
f:\cocos\chinesechess\proj.win32\debug.win32\chinesechess.tlog\rc.write.1.tlog
